[01m[K/home/teja/ros2_humble/ros2_periodic_tasks/periodic_tasks/src/periodic_task_node.cpp:[m[K In constructor â€˜[01m[KPeriodicTask::PeriodicTask(int, const string&)[m[Kâ€™:
[01m[K/home/teja/ros2_humble/ros2_periodic_tasks/periodic_tasks/src/periodic_task_node.cpp:11:57:[m[K [01;31m[Kerror: [m[Kclass â€˜[01m[KPeriodicTask[m[Kâ€™ does not have any field named â€˜[01m[Ktask_id_[m[Kâ€™
   11 |     : Node("periodic_task_" + std::to_string(task_id)), [01;31m[Ktask_id_[m[K(task_id), task_name_(task_name)
      |                                                         [01;31m[K^~~~~~~~[m[K
[01m[K/home/teja/ros2_humble/ros2_periodic_tasks/periodic_tasks/src/periodic_task_node.cpp:11:76:[m[K [01;31m[Kerror: [m[Kclass â€˜[01m[KPeriodicTask[m[Kâ€™ does not have any field named â€˜[01m[Ktask_name_[m[Kâ€™
   11 | ic_task_" + std::to_string(task_id)), task_id_(task_id), [01;31m[Ktask_name_[m[K(task_name)
      |                                                          [01;31m[K^~~~~~~~~~[m[K

[01m[K/home/teja/ros2_humble/ros2_periodic_tasks/periodic_tasks/src/periodic_task_node.cpp:14:9:[m[K [01;31m[Kerror: [m[Kâ€˜[01m[Ktimer_[m[Kâ€™ was not declared in this scope; did you mean â€˜[01m[Ktimer_t[m[Kâ€™?
   14 |         [01;31m[Ktimer_[m[K = this->create_wall_timer(
      |         [01;31m[K^~~~~~[m[K
      |         [32m[Ktimer_t[m[K
In file included from [01m[K/opt/ros/humble/include/rclcpp/rclcpp/logging.hpp:24[m[K,
                 from [01m[K/opt/ros/humble/include/rclcpp/rclcpp/client.hpp:40[m[K,
                 from [01m[K/opt/ros/humble/include/rclcpp/rclcpp/callback_group.hpp:24[m[K,
                 from [01m[K/opt/ros/humble/include/rclcpp/rclcpp/any_executable.hpp:20[m[K,
                 from [01m[K/opt/ros/humble/include/rclcpp/rclcpp/memory_strategy.hpp:25[m[K,
                 from [01m[K/opt/ros/humble/include/rclcpp/rclcpp/memory_strategies.hpp:18[m[K,
                 from [01m[K/opt/ros/humble/include/rclcpp/rclcpp/executor_options.hpp:20[m[K,
                 from [01m[K/opt/ros/humble/include/rclcpp/rclcpp/executor.hpp:37[m[K,
                 from [01m[K/opt/ros/humble/include/rclcpp/rclcpp/executors/multi_threaded_executor.hpp:25[m[K,
                 from [01m[K/opt/ros/humble/include/rclcpp/rclcpp/executors.hpp:21[m[K,
                 from [01m[K/opt/ros/humble/include/rclcpp/rclcpp/rclcpp.hpp:155[m[K,
                 from [01m[K/home/teja/ros2_humble/ros2_periodic_tasks/periodic_tasks/src/periodic_task_node.cpp:1[m[K:
[01m[K/home/teja/ros2_humble/ros2_periodic_tasks/periodic_tasks/src/periodic_task_node.cpp:[m[K In member function â€˜[01m[Kvoid PeriodicTask::timer_callback()[m[Kâ€™:
[01m[K/home/teja/ros2_humble/ros2_periodic_tasks/periodic_tasks/src/periodic_task_node.cpp:26:74:[m[K [01;31m[Kerror: [m[Kâ€˜[01m[Ktask_id_[m[Kâ€™ was not declared in this scope
   26 | this->get_logger(), "[Task %d] %s executed at time: %s", [01;31m[Ktask_id_[m[K, task_name_.c_str(), oss.str().c_str());
      |                                                          [01;31m[K^~~~~~~~[m[K

[01m[K/home/teja/ros2_humble/ros2_periodic_tasks/periodic_tasks/src/periodic_task_node.cpp:26:84:[m[K [01;31m[Kerror: [m[Kâ€˜[01m[Ktask_name_[m[Kâ€™ was not declared in this scope; did you mean â€˜[01m[Kbasename[m[Kâ€™?
   26 | logger(), "[Task %d] %s executed at time: %s", task_id_, [01;31m[Ktask_name_[m[K.c_str(), oss.str().c_str());
      |                                                          [01;31m[K^~~~~~~~~~[m[K

gmake[2]: *** [CMakeFiles/periodic_task_node.dir/build.make:76: CMakeFiles/periodic_task_node.dir/src/periodic_task_node.cpp.o] Error 1
gmake[1]: *** [CMakeFiles/Makefile2:137: CMakeFiles/periodic_task_node.dir/all] Error 2
gmake: *** [Makefile:146: all] Error 2
