-- The C compiler identification is GNU 11.4.0
-- The CXX compiler identification is GNU 11.4.0
-- Detecting C compiler ABI info
-- Detecting C compiler ABI info - done
-- Check for working C compiler: /usr/bin/cc - skipped
-- Detecting C compile features
-- Detecting C compile features - done
-- Detecting CXX compiler ABI info
-- Detecting CXX compiler ABI info - done
-- Check for working CXX compiler: /usr/bin/c++ - skipped
-- Detecting CXX compile features
-- Detecting CXX compile features - done
-- Found ament_cmake: 1.3.10 (/opt/ros/humble/share/ament_cmake/cmake)
-- Found Python3: /usr/bin/python3 (found version "3.10.12") found components: Interpreter 
-- Found rclcpp: 16.0.10 (/opt/ros/humble/share/rclcpp/cmake)
-- Found rosidl_generator_c: 3.1.5 (/opt/ros/humble/share/rosidl_generator_c/cmake)
-- Found rosidl_adapter: 3.1.5 (/opt/ros/humble/share/rosidl_adapter/cmake)
-- Found rosidl_generator_cpp: 3.1.5 (/opt/ros/humble/share/rosidl_generator_cpp/cmake)
-- Using all available rosidl_typesupport_c: rosidl_typesupport_fastrtps_c;rosidl_typesupport_introspection_c
-- Using all available rosidl_typesupport_cpp: rosidl_typesupport_fastrtps_cpp;rosidl_typesupport_introspection_cpp
-- Found rmw_implementation_cmake: 6.1.2 (/opt/ros/humble/share/rmw_implementation_cmake/cmake)
-- Found rmw_fastrtps_cpp: 6.2.7 (/opt/ros/humble/share/rmw_fastrtps_cpp/cmake)
-- Found OpenSSL: /usr/lib/x86_64-linux-gnu/libcrypto.so (found version "3.0.2")  
-- Found FastRTPS: /opt/ros/humble/include  
-- Using RMW implementation 'rmw_fastrtps_cpp' as default
-- Looking for pthread.h
-- Looking for pthread.h - found
-- Performing Test CMAKE_HAVE_LIBC_PTHREAD
-- Performing Test CMAKE_HAVE_LIBC_PTHREAD - Success
-- Found Threads: TRUE  
-- Configuring done
-- Generating done
-- Build files have been written to: /home/teja/ros2_humble/ros2_periodic_tasks/periodic_tasks/build/periodic_tasks
[ 50%] [32mBuilding CXX object CMakeFiles/periodic_task_node.dir/src/periodic_task_node.cpp.o[0m
[01m[K/home/teja/ros2_humble/ros2_periodic_tasks/periodic_tasks/src/periodic_task_node.cpp:[m[K In constructor â€˜[01m[KPeriodicTask::PeriodicTask(int, const string&)[m[Kâ€™:
[01m[K/home/teja/ros2_humble/ros2_periodic_tasks/periodic_tasks/src/periodic_task_node.cpp:11:57:[m[K [01;31m[Kerror: [m[Kclass â€˜[01m[KPeriodicTask[m[Kâ€™ does not have any field named â€˜[01m[Ktask_id_[m[Kâ€™
   11 |     : Node("periodic_task_" + std::to_string(task_id)), [01;31m[Ktask_id_[m[K(task_id), task_name_(task_name)
      |                                                         [01;31m[K^~~~~~~~[m[K
[01m[K/home/teja/ros2_humble/ros2_periodic_tasks/periodic_tasks/src/periodic_task_node.cpp:11:76:[m[K [01;31m[Kerror: [m[Kclass â€˜[01m[KPeriodicTask[m[Kâ€™ does not have any field named â€˜[01m[Ktask_name_[m[Kâ€™
   11 | ic_task_" + std::to_string(task_id)), task_id_(task_id), [01;31m[Ktask_name_[m[K(task_name)
      |                                                          [01;31m[K^~~~~~~~~~[m[K

[01m[K/home/teja/ros2_humble/ros2_periodic_tasks/periodic_tasks/src/periodic_task_node.cpp:14:9:[m[K [01;31m[Kerror: [m[Kâ€˜[01m[Ktimer_[m[Kâ€™ was not declared in this scope; did you mean â€˜[01m[Ktimer_t[m[Kâ€™?
   14 |         [01;31m[Ktimer_[m[K = this->create_wall_timer(
      |         [01;31m[K^~~~~~[m[K
      |         [32m[Ktimer_t[m[K
In file included from [01m[K/opt/ros/humble/include/rclcpp/rclcpp/logging.hpp:24[m[K,
                 from [01m[K/opt/ros/humble/include/rclcpp/rclcpp/client.hpp:40[m[K,
                 from [01m[K/opt/ros/humble/include/rclcpp/rclcpp/callback_group.hpp:24[m[K,
                 from [01m[K/opt/ros/humble/include/rclcpp/rclcpp/any_executable.hpp:20[m[K,
                 from [01m[K/opt/ros/humble/include/rclcpp/rclcpp/memory_strategy.hpp:25[m[K,
                 from [01m[K/opt/ros/humble/include/rclcpp/rclcpp/memory_strategies.hpp:18[m[K,
                 from [01m[K/opt/ros/humble/include/rclcpp/rclcpp/executor_options.hpp:20[m[K,
                 from [01m[K/opt/ros/humble/include/rclcpp/rclcpp/executor.hpp:37[m[K,
                 from [01m[K/opt/ros/humble/include/rclcpp/rclcpp/executors/multi_threaded_executor.hpp:25[m[K,
                 from [01m[K/opt/ros/humble/include/rclcpp/rclcpp/executors.hpp:21[m[K,
                 from [01m[K/opt/ros/humble/include/rclcpp/rclcpp/rclcpp.hpp:155[m[K,
                 from [01m[K/home/teja/ros2_humble/ros2_periodic_tasks/periodic_tasks/src/periodic_task_node.cpp:1[m[K:
[01m[K/home/teja/ros2_humble/ros2_periodic_tasks/periodic_tasks/src/periodic_task_node.cpp:[m[K In member function â€˜[01m[Kvoid PeriodicTask::timer_callback()[m[Kâ€™:
[01m[K/home/teja/ros2_humble/ros2_periodic_tasks/periodic_tasks/src/periodic_task_node.cpp:26:74:[m[K [01;31m[Kerror: [m[Kâ€˜[01m[Ktask_id_[m[Kâ€™ was not declared in this scope
   26 | this->get_logger(), "[Task %d] %s executed at time: %s", [01;31m[Ktask_id_[m[K, task_name_.c_str(), oss.str().c_str());
      |                                                          [01;31m[K^~~~~~~~[m[K

[01m[K/home/teja/ros2_humble/ros2_periodic_tasks/periodic_tasks/src/periodic_task_node.cpp:26:84:[m[K [01;31m[Kerror: [m[Kâ€˜[01m[Ktask_name_[m[Kâ€™ was not declared in this scope; did you mean â€˜[01m[Kbasename[m[Kâ€™?
   26 | logger(), "[Task %d] %s executed at time: %s", task_id_, [01;31m[Ktask_name_[m[K.c_str(), oss.str().c_str());
      |                                                          [01;31m[K^~~~~~~~~~[m[K

gmake[2]: *** [CMakeFiles/periodic_task_node.dir/build.make:76: CMakeFiles/periodic_task_node.dir/src/periodic_task_node.cpp.o] Error 1
gmake[1]: *** [CMakeFiles/Makefile2:137: CMakeFiles/periodic_task_node.dir/all] Error 2
gmake: *** [Makefile:146: all] Error 2
